# JRE version: OpenJDK Runtime Environment Corretto-17.0.13.11.1 (17.0.13+11) (build 17.0.13+11-LTS)
# Java VM: OpenJDK 64-Bit Server VM Corretto-17.0.13.11.1 (17.0.13+11-LTS, mixed mode, sharing, tiered, compressed oops, compressed class ptrs, g1 gc, windows-amd64)
GC Precious Log:
 CPUs: 12 total, 12 available
 Memory: 32717M
 Large Page Support: Disabled
 NUMA Support: Disabled
 Compressed Oops: Enabled (32-bit)
 Heap Region Size: 1M
 Heap Min Capacity: 256M
 Heap Initial Capacity: 256M
 Heap Max Capacity: 512M
 Pre-touch: Disabled
 Parallel Workers: 10
 Concurrent Workers: 3
 Concurrent Refinement Workers: 10
 Periodic GC: Disabled
Heap:
 garbage-first heap   total 262144K, used 164876K [0x00000000e0000000, 0x0000000100000000)
  region size 1024K, 111 young (113664K), 15 survivors (15360K)
 Metaspace       used 74717K, committed 75392K, reserved 393216K
  class space    used 10534K, committed 10880K, reserved 327680K
GC Heap History (20 events):
Event: 0.356 GC heap before
{Heap before GC invocations=0 (full 0):
 garbage-first heap   total 262144K, used 22528K [0x00000000e0000000, 0x0000000100000000)
  region size 1024K, 23 young (23552K), 0 survivors (0K)
 Metaspace       used 1099K, committed 1216K, reserved 393216K
  class space    used 77K, committed 128K, reserved 327680K
}
Event: 0.357 GC heap after
{Heap after GC invocations=1 (full 0):
 garbage-first heap   total 262144K, used 2901K [0x00000000e0000000, 0x0000000100000000)
  region size 1024K, 3 young (3072K), 3 survivors (3072K)
 Metaspace       used 1099K, committed 1216K, reserved 393216K
  class space    used 77K, committed 128K, reserved 327680K
}
Event: 0.808 GC heap before
{Heap before GC invocations=1 (full 0):
 garbage-first heap   total 262144K, used 38741K [0x00000000e0000000, 0x0000000100000000)
  region size 1024K, 36 young (36864K), 3 survivors (3072K)
 Metaspace       used 4371K, committed 4544K, reserved 393216K
  class space    used 545K, committed 640K, reserved 327680K
}
Event: 0.811 GC heap after
{Heap after GC invocations=2 (full 0):
 garbage-first heap   total 262144K, used 10580K [0x00000000e0000000, 0x0000000100000000)
  region size 1024K, 5 young (5120K), 5 survivors (5120K)
 Metaspace       used 4371K, committed 4544K, reserved 393216K
  class space    used 545K, committed 640K, reserved 327680K
}
Event: 1.308 GC heap before
{Heap before GC invocations=2 (full 0):
 garbage-first heap   total 262144K, used 59732K [0x00000000e0000000, 0x0000000100000000)
  region size 1024K, 51 young (52224K), 5 survivors (5120K)
 Metaspace       used 4651K, committed 4864K, reserved 393216K
  class space    used 583K, committed 704K, reserved 327680K
}
Event: 1.311 GC heap after
{Heap after GC invocations=3 (full 0):
 garbage-first heap   total 262144K, used 16273K [0x00000000e0000000, 0x0000000100000000)
  region size 1024K, 5 young (5120K), 5 survivors (5120K)
 Metaspace       used 4651K, committed 4864K, reserved 393216K
  class space    used 583K, committed 704K, reserved 327680K
}
Event: 2.465 GC heap before
{Heap before GC invocations=3 (full 0):
 garbage-first heap   total 262144K, used 124817K [0x00000000e0000000, 0x0000000100000000)
  region size 1024K, 112 young (114688K), 5 survivors (5120K)
 Metaspace       used 21140K, committed 21504K, reserved 393216K
  class space    used 3069K, committed 3264K, reserved 327680K
}
Event: 2.471 GC heap after
{Heap after GC invocations=4 (full 0):
 garbage-first heap   total 262144K, used 23980K [0x00000000e0000000, 0x0000000100000000)
  region size 1024K, 12 young (12288K), 12 survivors (12288K)
 Metaspace       used 21140K, committed 21504K, reserved 393216K
  class space    used 3069K, committed 3264K, reserved 327680K
}
Event: 3.506 GC heap before
{Heap before GC invocations=5 (full 0):
 garbage-first heap   total 262144K, used 165292K [0x00000000e0000000, 0x0000000100000000)
  region size 1024K, 152 young (155648K), 12 survivors (12288K)
 Metaspace       used 35563K, committed 35968K, reserved 393216K
  class space    used 5048K, committed 5248K, reserved 327680K
}
Event: 3.514 GC heap after
{Heap after GC invocations=6 (full 0):
 garbage-first heap   total 262144K, used 32024K [0x00000000e0000000, 0x0000000100000000)
  region size 1024K, 16 young (16384K), 16 survivors (16384K)
 Metaspace       used 35563K, committed 35968K, reserved 393216K
  class space    used 5048K, committed 5248K, reserved 327680K
}
Event: 3.523 GC heap before
{Heap before GC invocations=6 (full 0):
 garbage-first heap   total 262144K, used 33048K [0x00000000e0000000, 0x0000000100000000)
  region size 1024K, 17 young (17408K), 16 survivors (16384K)
 Metaspace       used 35650K, committed 36160K, reserved 393216K
  class space    used 5064K, committed 5312K, reserved 327680K
}
Event: 3.529 GC heap after
{Heap after GC invocations=7 (full 0):
 garbage-first heap   total 262144K, used 33535K [0x00000000e0000000, 0x0000000100000000)
  region size 1024K, 3 young (3072K), 3 survivors (3072K)
 Metaspace       used 35650K, committed 36160K, reserved 393216K
  class space    used 5064K, committed 5312K, reserved 327680K
}
Event: 3.548 GC heap before
{Heap before GC invocations=7 (full 0):
 garbage-first heap   total 262144K, used 35583K [0x00000000e0000000, 0x0000000100000000)
  region size 1024K, 6 young (6144K), 3 survivors (3072K)
 Metaspace       used 35885K, committed 36288K, reserved 393216K
  class space    used 5107K, committed 5312K, reserved 327680K
}
Event: 3.549 GC heap after
{Heap after GC invocations=8 (full 0):
 garbage-first heap   total 262144K, used 31632K [0x00000000e0000000, 0x0000000100000000)
  region size 1024K, 1 young (1024K), 1 survivors (1024K)
 Metaspace       used 35885K, committed 36288K, reserved 393216K
  class space    used 5107K, committed 5312K, reserved 327680K
}
Event: 5.856 GC heap before
{Heap before GC invocations=9 (full 0):
 garbage-first heap   total 262144K, used 193424K [0x00000000e0000000, 0x0000000100000000)
  region size 1024K, 153 young (156672K), 1 survivors (1024K)
 Metaspace       used 51446K, committed 51968K, reserved 393216K
  class space    used 7196K, committed 7424K, reserved 327680K
}
Event: 5.861 GC heap after
{Heap after GC invocations=10 (full 0):
 garbage-first heap   total 262144K, used 45510K [0x00000000e0000000, 0x0000000100000000)
  region size 1024K, 11 young (11264K), 11 survivors (11264K)
 Metaspace       used 51446K, committed 51968K, reserved 393216K
  class space    used 7196K, committed 7424K, reserved 327680K
}
Event: 6.460 GC heap before
{Heap before GC invocations=10 (full 0):
 garbage-first heap   total 262144K, used 131526K [0x00000000e0000000, 0x0000000100000000)
  region size 1024K, 88 young (90112K), 11 survivors (11264K)
 Metaspace       used 60195K, committed 60800K, reserved 393216K
  class space    used 8405K, committed 8704K, reserved 327680K
}
Event: 6.466 GC heap after
{Heap after GC invocations=11 (full 0):
 garbage-first heap   total 262144K, used 60242K [0x00000000e0000000, 0x0000000100000000)
  region size 1024K, 17 young (17408K), 17 survivors (17408K)
 Metaspace       used 60195K, committed 60800K, reserved 393216K
  class space    used 8405K, committed 8704K, reserved 327680K
}
Event: 7.810 GC heap before
{Heap before GC invocations=12 (full 0):
 garbage-first heap   total 262144K, used 198482K [0x00000000e0000000, 0x0000000100000000)
  region size 1024K, 153 young (156672K), 17 survivors (17408K)
 Metaspace       used 70788K, committed 71488K, reserved 393216K
  class space    used 9944K, committed 10304K, reserved 327680K
}
Event: 7.818 GC heap after
{Heap after GC invocations=13 (full 0):
 garbage-first heap   total 262144K, used 68620K [0x00000000e0000000, 0x0000000100000000)
  region size 1024K, 15 young (15360K), 15 survivors (15360K)
 Metaspace       used 70788K, committed 71488K, reserved 393216K
  class space    used 9944K, committed 10304K, reserved 327680K
}

